<?xml version="1.0" encoding="UTF-8"?>
<!-- Generated by org.testng.reporters.JUnitReportReporter -->
<testsuite hostname="DESKTOP-EVVE8QT" failures="0" tests="2" name="com.crm.vtiger.organizationTest.CreateOrganizationtest" time="60.638" errors="0" timestamp="2022-02-02T10:48:40 IST" skipped="0">
  <testcase classname="com.crm.vtiger.organizationTest.CreateOrganizationtest" name="createOrgWithIndType" time="30.568"/>
  <system-out/>
  <testcase classname="com.crm.vtiger.organizationTest.CreateOrganizationtest" name="createOrganization" time="30.070"/>
  <system-out/>
</testsuite> <!-- com.crm.vtiger.organizationTest.CreateOrganizationtest -->
