<?xml version="1.0" encoding="UTF-8"?>
<!-- Generated by org.testng.reporters.JUnitReportReporter -->
<testsuite hostname="DESKTOP-EVVE8QT" failures="0" tests="2" name="com.crm.comcast.contactsTest.CreateContactsTest" time="67.501" errors="0" timestamp="2022-02-02T10:44:48 IST" skipped="0">
  <testcase classname="com.crm.comcast.contactsTest.CreateContactsTest" name="createContacts" time="30.014"/>
  <system-out/>
  <testcase classname="com.crm.comcast.contactsTest.CreateContactsTest" name="createContactsWithOrg" time="37.487"/>
  <system-out/>
</testsuite> <!-- com.crm.comcast.contactsTest.CreateContactsTest -->
