<?xml version="1.0" encoding="UTF-8"?>
<!-- Generated by org.testng.reporters.JUnitReportReporter -->
<testsuite hostname="DESKTOP-EVVE8QT" failures="0" tests="5" name="practice.Book_Ticket" time="0.011" errors="0" timestamp="2022-01-20T15:23:48 IST" skipped="0">
  <testcase classname="practice.Book_Ticket" name="bookTicketTest" time="0.002"/>
  <system-out/>
  <testcase classname="practice.Book_Ticket" name="bookTicketTest" time="0.001"/>
  <system-out/>
  <testcase classname="practice.Book_Ticket" name="bookTicketTest" time="0.001"/>
  <system-out/>
  <testcase classname="practice.Book_Ticket" name="bookTicketTest" time="0.006"/>
  <system-out/>
  <testcase classname="practice.Book_Ticket" name="bookTicketTest" time="0.001"/>
  <system-out/>
</testsuite> <!-- practice.Book_Ticket -->
