<?xml version="1.0" encoding="UTF-8"?>
<!-- Generated by org.testng.reporters.JUnitReportReporter -->
<testsuite hostname="DESKTOP-EVVE8QT" failures="0" tests="2" name="com.crm.comcast.contactsTest.CreateContactsTest" time="69.475" errors="0" timestamp="2022-01-22T13:40:17 IST" skipped="0">
  <testcase classname="com.crm.comcast.contactsTest.CreateContactsTest" name="createContacts" time="31.370"/>
  <system-out/>
  <testcase classname="com.crm.comcast.contactsTest.CreateContactsTest" name="createContactsWithOrg" time="38.105"/>
  <system-out/>
</testsuite> <!-- com.crm.comcast.contactsTest.CreateContactsTest -->
