<?xml version="1.0" encoding="UTF-8"?>
<!-- Generated by org.testng.reporters.JUnitReportReporter -->
<testsuite hostname="DESKTOP-EVVE8QT" failures="0" tests="2" name="com.contactTest.DeleteContact_1" time="193.562" errors="0" timestamp="2022-01-14T12:44:27 IST" skipped="0">
  <testcase classname="com.contactTest.DeleteContact_1" name="deletemultiplecontact_1" time="92.625"/>
  <system-out/>
  <testcase classname="com.contactTest.DeleteContact_1" name="deletecontact_2" time="100.937"/>
  <system-out/>
</testsuite> <!-- com.contactTest.DeleteContact_1 -->
