<?xml version="1.0" encoding="UTF-8"?>
<!-- Generated by org.testng.reporters.JUnitReportReporter -->
<testsuite hostname="DESKTOP-EVVE8QT" failures="0" tests="1" name="com.crm.comcast.orgTest.ProjectUnitTest" time="0.276" errors="0" timestamp="2022-01-13T11:03:02 IST" skipped="0">
  <testcase classname="com.crm.comcast.orgTest.ProjectUnitTest" name="projectunittest" time="0.276"/>
  <system-out/>
</testsuite> <!-- com.crm.comcast.orgTest.ProjectUnitTest -->
