<?xml version="1.0" encoding="UTF-8"?>
<!-- Generated by org.testng.reporters.JUnitReportReporter -->
<testsuite hostname="DESKTOP-EVVE8QT" failures="0" tests="2" name="com.crm.vtiger.organizationTest.CreateOrganizationtest" time="94.856" errors="0" timestamp="2022-02-01T11:23:38 IST" skipped="0">
  <testcase classname="com.crm.vtiger.organizationTest.CreateOrganizationtest" name="createOrgWithIndType" time="47.793"/>
  <system-out/>
  <testcase classname="com.crm.vtiger.organizationTest.CreateOrganizationtest" name="createOrganization" time="47.063"/>
  <system-out/>
</testsuite> <!-- com.crm.vtiger.organizationTest.CreateOrganizationtest -->
